TN:
SF:src\constants\rolesBurned.ts
FNF:0
FNH:0
DA:1,7
DA:2,7
DA:3,7
DA:4,7
LF:4
LH:4
BRDA:1,0,0,7
BRF:1
BRH:1
end_of_record
TN:
SF:src\controllers\book.controller.ts
FN:8,create
FN:25,getAll
FN:34,delete
FN:48,update
FNF:4
FNH:4
FNDA:3,create
FNDA:1,getAll
FNDA:2,delete
FNDA:3,update
DA:1,1
DA:2,1
DA:3,1
DA:4,1
DA:5,1
DA:6,1
DA:7,1
DA:8,1
DA:9,3
DA:10,3
DA:11,3
DA:12,1
DA:13,3
DA:14,2
DA:15,2
DA:16,2
DA:17,2
DA:18,0
DA:19,0
DA:20,0
DA:21,0
DA:22,3
DA:23,3
DA:24,1
DA:25,1
DA:26,1
DA:27,1
DA:28,1
DA:29,1
DA:30,0
DA:31,0
DA:32,1
DA:33,1
DA:34,1
DA:35,2
DA:36,2
DA:37,2
DA:38,1
DA:39,1
DA:40,1
DA:41,1
DA:42,1
DA:43,1
DA:44,0
DA:45,0
DA:46,2
DA:47,1
DA:48,1
DA:49,3
DA:50,3
DA:51,3
DA:52,3
DA:53,3
DA:54,1
DA:55,1
DA:56,1
DA:57,1
DA:58,1
DA:59,1
DA:60,1
DA:61,1
DA:62,3
DA:63,1
DA:64,1
DA:65,1
DA:66,1
DA:67,1
LF:67
LH:59
BRDA:8,0,0,3
BRDA:12,1,0,1
BRDA:13,2,0,2
BRDA:18,3,0,0
BRDA:25,4,0,1
BRDA:29,5,0,0
BRDA:34,6,0,2
BRDA:36,7,0,0
BRDA:38,8,0,1
BRDA:44,9,0,0
BRDA:48,10,0,3
BRDA:51,11,0,1
BRDA:53,12,0,2
BRDA:53,13,0,1
BRF:14
BRH:10
end_of_record
TN:
SF:src\controllers\review.controller.ts
FN:7,create
FN:28,getById
FN:40,getByBook
FN:51,update
FN:65,delete
FNF:5
FNH:5
FNDA:2,create
FNDA:2,getById
FNDA:1,getByBook
FNDA:2,update
FNDA:3,delete
DA:1,1
DA:2,1
DA:3,1
DA:4,1
DA:5,1
DA:6,1
DA:7,1
DA:8,2
DA:9,2
DA:10,2
DA:11,2
DA:12,1
DA:13,1
DA:14,1
DA:15,1
DA:16,2
DA:17,0
DA:18,0
DA:19,1
DA:20,1
DA:21,1
DA:22,2
DA:23,0
DA:24,0
DA:25,0
DA:26,2
DA:27,1
DA:28,1
DA:29,2
DA:30,2
DA:31,2
DA:32,2
DA:33,1
DA:34,2
DA:35,0
DA:36,0
DA:37,0
DA:38,2
DA:39,1
DA:40,1
DA:41,1
DA:42,1
DA:43,1
DA:44,1
DA:45,1
DA:46,0
DA:47,0
DA:48,0
DA:49,1
DA:50,1
DA:51,1
DA:52,2
DA:53,2
DA:54,2
DA:55,2
DA:56,2
DA:57,2
DA:58,1
DA:59,2
DA:60,0
DA:61,0
DA:62,0
DA:63,2
DA:64,1
DA:65,1
DA:66,3
DA:67,3
DA:68,3
DA:69,2
DA:70,3
DA:71,1
DA:72,1
DA:73,1
DA:74,1
DA:75,1
DA:76,3
DA:77,1
DA:78,1
DA:79,1
LF:79
LH:65
BRDA:7,0,0,2
BRDA:11,1,0,1
BRDA:11,2,0,1
BRDA:16,3,0,0
BRDA:19,4,0,1
BRDA:22,5,0,0
BRDA:28,6,0,2
BRDA:32,7,0,1
BRDA:34,8,0,0
BRDA:40,9,0,1
BRDA:45,10,0,0
BRDA:51,11,0,2
BRDA:57,12,0,1
BRDA:59,13,0,0
BRDA:65,14,0,3
BRDA:69,15,0,2
BRDA:70,16,0,1
BRF:17
BRH:12
end_of_record
TN:
SF:src\controllers\user.controller.ts
FN:9,register
FN:21,create
FN:33,login
FN:43,getAll
FN:52,getOne
FN:68,delete
FN:87,update
FNF:7
FNH:7
FNDA:3,register
FNDA:2,create
FNDA:2,login
FNDA:2,getAll
FNDA:4,getOne
FNDA:4,delete
FNDA:4,update
DA:1,1
DA:2,1
DA:3,1
DA:4,1
DA:5,1
DA:6,1
DA:7,1
DA:8,1
DA:9,1
DA:10,3
DA:11,3
DA:12,1
DA:13,3
DA:14,2
DA:15,1
DA:16,1
DA:17,1
DA:18,1
DA:19,3
DA:20,1
DA:21,1
DA:22,2
DA:23,2
DA:24,1
DA:25,1
DA:26,1
DA:27,1
DA:28,1
DA:29,0
DA:30,0
DA:31,2
DA:32,1
DA:33,1
DA:34,2
DA:35,2
DA:36,2
DA:37,1
DA:38,1
DA:39,1
DA:40,1
DA:41,2
DA:42,1
DA:43,1
DA:44,2
DA:45,2
DA:46,1
DA:47,1
DA:48,1
DA:49,1
DA:50,2
DA:51,1
DA:52,1
DA:53,4
DA:54,4
DA:55,4
DA:56,1
DA:57,1
DA:58,3
DA:59,4
DA:60,1
DA:61,1
DA:62,1
DA:63,1
DA:64,1
DA:65,1
DA:66,4
DA:67,1
DA:68,1
DA:69,4
DA:70,4
DA:71,4
DA:72,1
DA:73,1
DA:74,3
DA:75,3
DA:76,4
DA:77,1
DA:78,1
DA:79,1
DA:80,1
DA:81,1
DA:82,1
DA:83,1
DA:84,1
DA:85,4
DA:86,1
DA:87,1
DA:88,4
DA:89,4
DA:90,4
DA:91,1
DA:92,1
DA:93,3
DA:94,3
DA:95,3
DA:96,3
DA:97,3
DA:98,3
DA:99,3
DA:100,2
DA:101,4
DA:102,1
DA:103,1
DA:104,1
DA:105,1
DA:106,1
DA:107,1
DA:108,1
DA:109,4
DA:110,1
DA:111,1
DA:112,1
LF:112
LH:110
BRDA:9,0,0,3
BRDA:12,1,0,1
BRDA:13,2,0,2
BRDA:14,3,0,1
BRDA:21,4,0,2
BRDA:24,5,0,1
BRDA:29,6,0,0
BRDA:33,7,0,2
BRDA:37,8,0,1
BRDA:43,9,0,2
BRDA:46,10,0,1
BRDA:52,11,0,4
BRDA:55,12,0,1
BRDA:58,13,0,3
BRDA:59,14,0,2
BRDA:59,15,0,1
BRDA:68,16,0,4
BRDA:71,17,0,1
BRDA:74,18,0,3
BRDA:76,19,0,2
BRDA:76,20,0,1
BRDA:87,21,0,4
BRDA:90,22,0,1
BRDA:93,23,0,3
BRDA:100,24,0,2
BRDA:101,25,0,1
BRF:26
BRH:25
end_of_record
TN:
SF:src\services\book.service.ts
FN:6,create
FN:15,findByTitle
FN:19,findAll
FN:28,delete
FN:41,update
FNF:5
FNH:5
FNDA:2,create
FNDA:6,findByTitle
FNDA:1,findAll
FNDA:2,delete
FNDA:2,update
DA:1,1
DA:2,1
DA:3,1
DA:4,1
DA:5,1
DA:6,1
DA:7,2
DA:8,2
DA:9,1
DA:10,1
DA:11,1
DA:12,1
DA:13,1
DA:14,1
DA:15,1
DA:16,6
DA:17,6
DA:18,1
DA:19,1
DA:20,1
DA:21,1
DA:22,1
DA:23,1
DA:24,0
DA:25,0
DA:26,1
DA:27,1
DA:28,1
DA:29,2
DA:30,2
DA:31,2
DA:32,1
DA:33,1
DA:34,1
DA:35,1
DA:36,1
DA:37,1
DA:38,1
DA:39,2
DA:40,1
DA:41,1
DA:42,2
DA:43,2
DA:44,2
DA:45,1
DA:46,1
DA:47,1
DA:48,1
DA:49,1
DA:50,1
DA:51,1
DA:52,1
DA:53,1
DA:54,1
DA:55,2
DA:56,1
DA:57,1
DA:58,1
DA:59,1
LF:59
LH:57
BRDA:6,0,0,2
BRDA:8,1,0,1
BRDA:15,2,0,6
BRDA:19,3,0,1
BRDA:23,4,0,0
BRDA:28,5,0,2
BRDA:31,6,0,1
BRDA:41,7,0,2
BRDA:44,8,0,1
BRF:9
BRH:8
end_of_record
TN:
SF:src\services\review.service.ts
FN:5,create
FN:9,findById
FN:13,findByBook
FN:17,update
FN:24,delete
FNF:5
FNH:5
FNDA:1,create
FNDA:1,findById
FNDA:1,findByBook
FNDA:1,update
FNDA:1,delete
DA:1,1
DA:2,1
DA:3,1
DA:4,1
DA:5,1
DA:6,1
DA:7,1
DA:8,1
DA:9,1
DA:10,1
DA:11,1
DA:12,1
DA:13,1
DA:14,1
DA:15,1
DA:16,1
DA:17,1
DA:18,1
DA:19,1
DA:20,1
DA:21,1
DA:22,1
DA:23,1
DA:24,1
DA:25,1
DA:26,1
DA:27,1
DA:28,1
DA:29,1
DA:30,1
LF:30
LH:30
BRDA:5,0,0,1
BRDA:9,1,0,1
BRDA:13,2,0,1
BRDA:17,3,0,1
BRDA:24,4,0,1
BRF:5
BRH:5
end_of_record
TN:
SF:src\services\user.service.ts
FN:9,create
FN:30,findByEmail
FN:34,findAll
FN:38,login
FN:58,update
FN:74,delete
FNF:6
FNH:6
FNDA:3,create
FNDA:7,findByEmail
FNDA:1,findAll
FNDA:3,login
FNDA:3,update
FNDA:2,delete
DA:1,1
DA:2,1
DA:3,1
DA:4,1
DA:5,1
DA:6,1
DA:7,1
DA:8,1
DA:9,1
DA:10,3
DA:11,3
DA:12,1
DA:13,1
DA:14,2
DA:15,2
DA:16,3
DA:17,1
DA:18,1
DA:19,1
DA:20,3
DA:21,0
DA:22,0
DA:23,1
DA:24,1
DA:25,1
DA:26,1
DA:27,1
DA:28,1
DA:29,1
DA:30,1
DA:31,7
DA:32,7
DA:33,1
DA:34,1
DA:35,1
DA:36,1
DA:37,1
DA:38,1
DA:39,3
DA:40,3
DA:41,1
DA:42,1
DA:43,2
DA:44,2
DA:45,3
DA:46,1
DA:47,1
DA:48,1
DA:49,1
DA:50,1
DA:51,3
DA:52,3
DA:53,3
DA:54,3
DA:55,3
DA:56,3
DA:57,1
DA:58,1
DA:59,3
DA:60,3
DA:61,3
DA:62,3
DA:63,3
DA:64,1
DA:65,1
DA:66,2
DA:67,3
DA:68,1
DA:69,1
DA:70,2
DA:71,2
DA:72,2
DA:73,1
DA:74,1
DA:75,2
DA:76,2
DA:77,1
DA:78,1
DA:79,1
DA:80,1
DA:81,1
DA:82,1
LF:82
LH:80
BRDA:9,0,0,3
BRDA:11,1,0,1
BRDA:14,2,0,2
BRDA:16,3,0,1
BRDA:20,4,0,0
BRDA:23,5,0,1
BRDA:30,6,0,7
BRDA:34,7,0,1
BRDA:38,8,0,3
BRDA:40,9,0,1
BRDA:43,10,0,2
BRDA:45,11,0,1
BRDA:58,12,0,3
BRDA:63,13,0,1
BRDA:66,14,0,2
BRDA:67,15,0,1
BRDA:70,16,0,2
BRDA:74,17,0,2
BRDA:76,18,0,1
BRF:19
BRH:18
end_of_record
